c:\users\sure\desktop\cover\sample_project\selectionsort\consoleapplication1\consoleapplication1\cover\vc142.pdb
c:\users\sure\desktop\cover\sample_project\selectionsort\consoleapplication1\consoleapplication1\cover\tmp1.obj
c:\users\sure\desktop\cover\sample_project\selectionsort\consoleapplication1\consoleapplication1\cover\consoleapplication1.obj
c:\users\sure\desktop\cover\sample_project\selectionsort\consoleapplication1\cover\consoleapplication1.ilk
c:\users\sure\desktop\cover\sample_project\selectionsort\consoleapplication1\cover\consoleapplication1.exe
c:\users\sure\desktop\cover\sample_project\selectionsort\consoleapplication1\consoleapplication1\vc140.pdb
c:\users\sure\desktop\cover\sample_project\selectionsort\consoleapplication1\cover\consoleapplication1.pdb
d:\cover\etc\cover-test-code\vpes\selectionsort\consoleapplication1\cover\consoleapplication1.obj
d:\cover\etc\cover-test-code\vpes\selectionsort\consoleapplication1\cover\tmp1.obj
d:\cover\etc\cover-test-code\vpes\selectionsort\consoleapplication1\cover\vc142.pdb
d:\cover\etc\cover-test-code\vpes\selectionsort\cover\consoleapplication1.pdb
d:\cover\etc\cover-test-code\vpes\selectionsort\cover\consoleapplication1.exe
d:\cover\etc\cover-test-code\vpes\selectionsort\cover\consoleapplication1.ilk
d:\cover\etc\cover-test-code\vpes\selectionsort\consoleapplication1\cover\consolea.d26b10e3.tlog\cl.command.1.tlog
d:\cover\etc\cover-test-code\vpes\selectionsort\consoleapplication1\cover\consolea.d26b10e3.tlog\cl.delete.1.tlog
d:\cover\etc\cover-test-code\vpes\selectionsort\consoleapplication1\cover\consolea.d26b10e3.tlog\cl.read.1.tlog
d:\cover\etc\cover-test-code\vpes\selectionsort\consoleapplication1\cover\consolea.d26b10e3.tlog\cl.write.1.tlog
d:\cover\etc\cover-test-code\vpes\selectionsort\consoleapplication1\cover\consolea.d26b10e3.tlog\link.20076-cvtres.write.1.tlog
d:\cover\etc\cover-test-code\vpes\selectionsort\consoleapplication1\cover\consolea.d26b10e3.tlog\link.command.1.tlog
d:\cover\etc\cover-test-code\vpes\selectionsort\consoleapplication1\cover\consolea.d26b10e3.tlog\link.read.1.tlog
